---------------------------------------------------------------
[ 2021-04-17T01:40:32+08:00 ] 127.0.0.1 POST homestay/homestay-admin/public/index.php/admin/category/add
[运行时间：0.046154s] [吞吐率：21.67req/s] [内存消耗：1,622.89kb] [文件加载：41]
[ info ] [ LANG ] D:\phpstudy\phpstudy_pro\WWW\homestay\homestay-admin\thinkphp\lang\zh-cn.php
[ info ] [ ROUTE ] array (
  'type' => 'module',
  'module' => 
  array (
    0 => 'admin',
    1 => 'category',
    2 => 'add',
  ),
)
[ info ] [ HEADER ] array (
  'content-length' => '30',
  'content-type' => 'application/x-www-form-urlencoded',
  'connection' => 'close',
  'accept-encoding' => 'gzip, deflate, br',
  'host' => 'homestay',
  'postman-token' => 'fcedf242-0983-4b68-90a8-d519078ccd22',
  'accept' => '*/*',
  'user-agent' => 'PostmanRuntime/7.26.10',
)
[ info ] [ PARAM ] array (
  'username' => 'admin',
  'password' => '123456',
)
[ info ] [ RUN ] app\admin\controller\Category->add[ D:\phpstudy\phpstudy_pro\WWW\homestay\homestay-admin\application\admin\controller\Category.php ]
[ info ] [ LOG ] INIT File
---------------------------------------------------------------
[ 2021-04-17T01:41:17+08:00 ] 127.0.0.1 POST homestay/homestay-admin/public/index.php/admin/category/add
[运行时间：0.084711s] [吞吐率：11.80req/s] [内存消耗：2,472.98kb] [文件加载：47]
[ info ] [ LANG ] D:\phpstudy\phpstudy_pro\WWW\homestay\homestay-admin\thinkphp\lang\zh-cn.php
[ info ] [ ROUTE ] array (
  'type' => 'module',
  'module' => 
  array (
    0 => 'admin',
    1 => 'category',
    2 => 'add',
  ),
)
[ info ] [ HEADER ] array (
  'content-length' => '112',
  'content-type' => 'application/x-www-form-urlencoded',
  'connection' => 'close',
  'accept-encoding' => 'gzip, deflate, br',
  'host' => 'homestay',
  'postman-token' => '926c5e69-e760-4312-a9e6-835510f41402',
  'accept' => '*/*',
  'user-agent' => 'PostmanRuntime/7.26.10',
)
[ info ] [ PARAM ] array (
  'cname' => '不得不说',
  'cdesc' => '不得不说的描述',
)
[ info ] [ RUN ] app\admin\controller\Category->add[ D:\phpstudy\phpstudy_pro\WWW\homestay\homestay-admin\application\admin\controller\Category.php ]
[ info ] [ DB ] INIT mysql
[ info ] [ LOG ] INIT File
[ sql ] [ DB ] CONNECT:[ UseTime:0.020546s ] mysql:host=127.0.0.1;port=3306;dbname=homestay;charset=utf8
[ sql ] [ SQL ] SHOW COLUMNS FROM `category` [ RunTime:0.002424s ]
[ sql ] [ SQL ] INSERT INTO `category` (`cname` , `cdesc`) VALUES ('不得不说' , '不得不说的描述') [ RunTime:0.007216s ]
---------------------------------------------------------------
[ 2021-04-17T01:43:43+08:00 ] 127.0.0.1 POST homestay/homestay-admin/public/index.php/admin/category/add
[运行时间：0.063820s] [吞吐率：15.67req/s] [内存消耗：2,478.62kb] [文件加载：48]
[ info ] [ LANG ] D:\phpstudy\phpstudy_pro\WWW\homestay\homestay-admin\thinkphp\lang\zh-cn.php
[ info ] [ ROUTE ] array (
  'type' => 'module',
  'module' => 
  array (
    0 => 'admin',
    1 => 'category',
    2 => 'add',
  ),
)
[ info ] [ HEADER ] array (
  'content-length' => '112',
  'content-type' => 'application/x-www-form-urlencoded',
  'connection' => 'close',
  'accept-encoding' => 'gzip, deflate, br',
  'host' => 'homestay',
  'postman-token' => 'af4861d9-5aaf-4a70-b4f8-38c863f426e0',
  'accept' => '*/*',
  'user-agent' => 'PostmanRuntime/7.26.10',
)
[ info ] [ PARAM ] array (
  'cname' => '不得不说',
  'cdesc' => '不得不说的描述',
)
[ info ] [ RUN ] app\admin\controller\Category->add[ D:\phpstudy\phpstudy_pro\WWW\homestay\homestay-admin\application\admin\controller\Category.php ]
[ info ] [ DB ] INIT mysql
[ info ] [ LOG ] INIT File
[ sql ] [ DB ] CONNECT:[ UseTime:0.010638s ] mysql:host=127.0.0.1;port=3306;dbname=homestay;charset=utf8
[ sql ] [ SQL ] SHOW COLUMNS FROM `category` [ RunTime:0.001487s ]
[ sql ] [ SQL ] INSERT INTO `category` (`cname` , `cdesc`) VALUES ('不得不说' , '不得不说的描述') [ RunTime:0.000767s ]
---------------------------------------------------------------
[ 2021-04-17T15:47:53+08:00 ] 127.0.0.1 OPTIONS homestay/homestay-admin/public/index.php/admin/login/check
[运行时间：0.030613s] [吞吐率：32.67req/s] [内存消耗：1,627.01kb] [文件加载：40]
[ info ] [ LANG ] D:\phpstudy\phpstudy_pro\WWW\homestay\homestay-admin\thinkphp\lang\zh-cn.php
[ info ] [ ROUTE ] array (
  'type' => 'module',
  'module' => 
  array (
    0 => 'admin',
    1 => 'login',
    2 => 'check',
  ),
)
[ info ] [ HEADER ] array (
  'accept-language' => 'zh-CN,zh;q=0.9',
  'accept-encoding' => 'gzip, deflate',
  'referer' => 'http://localhost:8080/',
  'sec-fetch-mode' => 'cors',
  'user-agent' => 'Mozilla/5.0 (Windows NT 10.0; Win64; x64) AppleWebKit/537.36 (KHTML, like Gecko) Chrome/89.0.4389.114 Safari/537.36',
  'origin' => 'http://localhost:8080',
  'access-control-request-headers' => 'content-type',
  'access-control-request-method' => 'POST',
  'accept' => '*/*',
  'connection' => 'close',
  'host' => 'homestay',
)
[ info ] [ PARAM ] array (
)
[ info ] [ RUN ] app\admin\controller\Login->check[ D:\phpstudy\phpstudy_pro\WWW\homestay\homestay-admin\application\admin\controller\Login.php ]
[ info ] [ LOG ] INIT File
---------------------------------------------------------------
[ 2021-04-17T15:47:53+08:00 ] 127.0.0.1 POST homestay/homestay-admin/public/index.php/admin/login/check
[运行时间：0.032678s] [吞吐率：30.60req/s] [内存消耗：2,534.40kb] [文件加载：49]
[ info ] [ LANG ] D:\phpstudy\phpstudy_pro\WWW\homestay\homestay-admin\thinkphp\lang\zh-cn.php
[ info ] [ ROUTE ] array (
  'type' => 'module',
  'module' => 
  array (
    0 => 'admin',
    1 => 'login',
    2 => 'check',
  ),
)
[ info ] [ HEADER ] array (
  'accept-language' => 'zh-CN,zh;q=0.9',
  'accept-encoding' => 'gzip, deflate',
  'referer' => 'http://localhost:8080/',
  'origin' => 'http://localhost:8080',
  'content-type' => 'application/json;charset=UTF-8',
  'user-agent' => 'Mozilla/5.0 (Windows NT 10.0; Win64; x64) AppleWebKit/537.36 (KHTML, like Gecko) Chrome/89.0.4389.114 Safari/537.36',
  'accept' => 'application/json, text/plain, */*',
  'content-length' => '40',
  'connection' => 'close',
  'host' => 'homestay',
)
[ info ] [ PARAM ] array (
  'username' => 'admin',
  'password' => '123456',
)
[ info ] [ RUN ] app\admin\controller\Login->check[ D:\phpstudy\phpstudy_pro\WWW\homestay\homestay-admin\application\admin\controller\Login.php ]
[ info ] [ DB ] INIT mysql
[ info ] [ LOG ] INIT File
[ sql ] [ DB ] CONNECT:[ UseTime:0.005104s ] mysql:host=127.0.0.1;port=3306;dbname=homestay;charset=utf8
[ sql ] [ SQL ] SHOW COLUMNS FROM `admin` [ RunTime:0.004571s ]
[ sql ] [ SQL ] SELECT * FROM `admin` WHERE  `username` = 'admin' LIMIT 1 [ RunTime:0.000971s ]
---------------------------------------------------------------
[ 2021-04-17T16:38:08+08:00 ] 127.0.0.1 POST homestay/homestay-admin/public/index.php/admin/category/index
[运行时间：0.025019s] [吞吐率：39.97req/s] [内存消耗：2,505.23kb] [文件加载：47]
[ info ] [ LANG ] D:\phpstudy\phpstudy_pro\WWW\homestay\homestay-admin\thinkphp\lang\zh-cn.php
[ info ] [ ROUTE ] array (
  'type' => 'module',
  'module' => 
  array (
    0 => 'admin',
    1 => 'category',
    2 => 'index',
  ),
)
[ info ] [ HEADER ] array (
  'content-length' => '112',
  'content-type' => 'application/x-www-form-urlencoded',
  'connection' => 'close',
  'accept-encoding' => 'gzip, deflate, br',
  'host' => 'homestay',
  'postman-token' => 'a17d99b3-3004-4649-b3b4-df3835714222',
  'accept' => '*/*',
  'user-agent' => 'PostmanRuntime/7.26.10',
)
[ info ] [ PARAM ] array (
  'cname' => '不得不说',
  'cdesc' => '不得不说的描述',
)
[ info ] [ RUN ] app\admin\controller\Category->index[ D:\phpstudy\phpstudy_pro\WWW\homestay\homestay-admin\application\admin\controller\Category.php ]
[ info ] [ DB ] INIT mysql
[ info ] [ LOG ] INIT File
[ sql ] [ DB ] CONNECT:[ UseTime:0.001054s ] mysql:host=127.0.0.1;port=3306;dbname=homestay;charset=utf8
[ sql ] [ SQL ] SHOW COLUMNS FROM `category` [ RunTime:0.002045s ]
[ sql ] [ SQL ] SELECT `cid`,`cname`,`cdesc` FROM `category` LIMIT 0,5 [ RunTime:0.000551s ]
[ sql ] [ SQL ] SELECT COUNT(*) AS tp_count FROM `category` LIMIT 1 [ RunTime:0.000617s ]
---------------------------------------------------------------
[ 2021-04-17T16:38:26+08:00 ] 127.0.0.1 POST homestay/homestay-admin/public/index.php/admin/category/index
[运行时间：0.036168s] [吞吐率：27.65req/s] [内存消耗：2,504.22kb] [文件加载：47]
[ info ] [ LANG ] D:\phpstudy\phpstudy_pro\WWW\homestay\homestay-admin\thinkphp\lang\zh-cn.php
[ info ] [ ROUTE ] array (
  'type' => 'module',
  'module' => 
  array (
    0 => 'admin',
    1 => 'category',
    2 => 'index',
  ),
)
[ info ] [ HEADER ] array (
  'content-length' => '0',
  'connection' => 'close',
  'accept-encoding' => 'gzip, deflate, br',
  'host' => 'homestay',
  'postman-token' => '9c28057b-d949-438b-b535-2de95a52672f',
  'accept' => '*/*',
  'user-agent' => 'PostmanRuntime/7.26.10',
)
[ info ] [ PARAM ] array (
)
[ info ] [ RUN ] app\admin\controller\Category->index[ D:\phpstudy\phpstudy_pro\WWW\homestay\homestay-admin\application\admin\controller\Category.php ]
[ info ] [ DB ] INIT mysql
[ info ] [ LOG ] INIT File
[ sql ] [ DB ] CONNECT:[ UseTime:0.016521s ] mysql:host=127.0.0.1;port=3306;dbname=homestay;charset=utf8
[ sql ] [ SQL ] SHOW COLUMNS FROM `category` [ RunTime:0.001749s ]
[ sql ] [ SQL ] SELECT `cid`,`cname`,`cdesc` FROM `category` LIMIT 0,5 [ RunTime:0.000209s ]
[ sql ] [ SQL ] SELECT COUNT(*) AS tp_count FROM `category` LIMIT 1 [ RunTime:0.000151s ]
---------------------------------------------------------------
[ 2021-04-17T16:39:32+08:00 ] 127.0.0.1 POST homestay/homestay-admin/public/index.php/admin/category/index
[运行时间：0.038975s] [吞吐率：25.66req/s] [内存消耗：2,504.92kb] [文件加载：47]
[ info ] [ LANG ] D:\phpstudy\phpstudy_pro\WWW\homestay\homestay-admin\thinkphp\lang\zh-cn.php
[ info ] [ ROUTE ] array (
  'type' => 'module',
  'module' => 
  array (
    0 => 'admin',
    1 => 'category',
    2 => 'index',
  ),
)
[ info ] [ HEADER ] array (
  'content-length' => '7',
  'content-type' => 'application/x-www-form-urlencoded',
  'connection' => 'close',
  'accept-encoding' => 'gzip, deflate, br',
  'host' => 'homestay',
  'postman-token' => 'ab902c23-4e8d-46c6-bab0-59246b0c8b98',
  'accept' => '*/*',
  'user-agent' => 'PostmanRuntime/7.26.10',
)
[ info ] [ PARAM ] array (
  'limit' => '1',
)
[ info ] [ RUN ] app\admin\controller\Category->index[ D:\phpstudy\phpstudy_pro\WWW\homestay\homestay-admin\application\admin\controller\Category.php ]
[ info ] [ DB ] INIT mysql
[ info ] [ LOG ] INIT File
[ sql ] [ DB ] CONNECT:[ UseTime:0.019445s ] mysql:host=127.0.0.1;port=3306;dbname=homestay;charset=utf8
[ sql ] [ SQL ] SHOW COLUMNS FROM `category` [ RunTime:0.001466s ]
[ sql ] [ SQL ] SELECT `cid`,`cname`,`cdesc` FROM `category` LIMIT 0,5 [ RunTime:0.000191s ]
[ sql ] [ SQL ] SELECT COUNT(*) AS tp_count FROM `category` LIMIT 1 [ RunTime:0.000210s ]
---------------------------------------------------------------
[ 2021-04-17T16:39:54+08:00 ] 127.0.0.1 POST homestay/homestay-admin/public/index.php/admin/category/index
[运行时间：0.042067s] [吞吐率：23.77req/s] [内存消耗：2,504.92kb] [文件加载：47]
[ info ] [ LANG ] D:\phpstudy\phpstudy_pro\WWW\homestay\homestay-admin\thinkphp\lang\zh-cn.php
[ info ] [ ROUTE ] array (
  'type' => 'module',
  'module' => 
  array (
    0 => 'admin',
    1 => 'category',
    2 => 'index',
  ),
)
[ info ] [ HEADER ] array (
  'content-length' => '7',
  'content-type' => 'application/x-www-form-urlencoded',
  'connection' => 'close',
  'accept-encoding' => 'gzip, deflate, br',
  'host' => 'homestay',
  'postman-token' => '581eedfc-cee6-4bb9-9b16-07e308e9f6e1',
  'accept' => '*/*',
  'user-agent' => 'PostmanRuntime/7.26.10',
)
[ info ] [ PARAM ] array (
  'limit' => '1',
)
[ info ] [ RUN ] app\admin\controller\Category->index[ D:\phpstudy\phpstudy_pro\WWW\homestay\homestay-admin\application\admin\controller\Category.php ]
[ info ] [ DB ] INIT mysql
[ info ] [ LOG ] INIT File
[ sql ] [ DB ] CONNECT:[ UseTime:0.022953s ] mysql:host=127.0.0.1;port=3306;dbname=homestay;charset=utf8
[ sql ] [ SQL ] SHOW COLUMNS FROM `category` [ RunTime:0.000795s ]
[ sql ] [ SQL ] SELECT `cid`,`cname`,`cdesc` FROM `category` LIMIT 0,5 [ RunTime:0.000247s ]
[ sql ] [ SQL ] SELECT COUNT(*) AS tp_count FROM `category` LIMIT 1 [ RunTime:0.000168s ]
---------------------------------------------------------------
[ 2021-04-17T16:40:31+08:00 ] 127.0.0.1 GET homestay/homestay-admin/public/index.php/admin/category/index?limit=1
[运行时间：0.039800s] [吞吐率：25.13req/s] [内存消耗：2,505.93kb] [文件加载：47]
[ info ] [ LANG ] D:\phpstudy\phpstudy_pro\WWW\homestay\homestay-admin\thinkphp\lang\zh-cn.php
[ info ] [ ROUTE ] array (
  'type' => 'module',
  'module' => 
  array (
    0 => 'admin',
    1 => 'category',
    2 => 'index',
  ),
)
[ info ] [ HEADER ] array (
  'content-length' => '7',
  'content-type' => 'application/x-www-form-urlencoded',
  'connection' => 'close',
  'accept-encoding' => 'gzip, deflate, br',
  'host' => 'homestay',
  'postman-token' => '948579fd-b981-41ba-8b4f-72c6713f49b7',
  'accept' => '*/*',
  'user-agent' => 'PostmanRuntime/7.26.10',
)
[ info ] [ PARAM ] array (
  'limit' => '1',
)
[ info ] [ RUN ] app\admin\controller\Category->index[ D:\phpstudy\phpstudy_pro\WWW\homestay\homestay-admin\application\admin\controller\Category.php ]
[ info ] [ DB ] INIT mysql
[ info ] [ LOG ] INIT File
[ sql ] [ DB ] CONNECT:[ UseTime:0.016488s ] mysql:host=127.0.0.1;port=3306;dbname=homestay;charset=utf8
[ sql ] [ SQL ] SHOW COLUMNS FROM `category` [ RunTime:0.001279s ]
[ sql ] [ SQL ] SELECT `cid`,`cname`,`cdesc` FROM `category` LIMIT 0,1 [ RunTime:0.000319s ]
[ sql ] [ SQL ] SELECT COUNT(*) AS tp_count FROM `category` LIMIT 1 [ RunTime:0.000131s ]
---------------------------------------------------------------
[ 2021-04-17T16:42:51+08:00 ] 127.0.0.1 POST homestay/homestay-admin/public/index.php/admin/category/index
[运行时间：0.015395s] [吞吐率：64.96req/s] [内存消耗：1,623.79kb] [文件加载：40]
[ info ] [ LANG ] D:\phpstudy\phpstudy_pro\WWW\homestay\homestay-admin\thinkphp\lang\zh-cn.php
[ info ] [ ROUTE ] array (
  'type' => 'module',
  'module' => 
  array (
    0 => 'admin',
    1 => 'category',
    2 => 'index',
  ),
)
[ info ] [ HEADER ] array (
  'content-length' => '7',
  'content-type' => 'application/x-www-form-urlencoded',
  'connection' => 'close',
  'accept-encoding' => 'gzip, deflate, br',
  'host' => 'homestay',
  'postman-token' => '3cfc434a-8ff2-4ac4-8c34-0f82183757d4',
  'accept' => '*/*',
  'user-agent' => 'PostmanRuntime/7.26.10',
)
[ info ] [ PARAM ] array (
  'limit' => '1',
)
[ info ] [ RUN ] app\admin\controller\Category->index[ D:\phpstudy\phpstudy_pro\WWW\homestay\homestay-admin\application\admin\controller\Category.php ]
[ info ] [ LOG ] INIT File
---------------------------------------------------------------
[ 2021-04-17T16:46:49+08:00 ] 127.0.0.1 POST homestay/homestay-admin/public/index.php/admin/category/index
[运行时间：0.014873s] [吞吐率：67.24req/s] [内存消耗：1,624.29kb] [文件加载：40]
[ info ] [ LANG ] D:\phpstudy\phpstudy_pro\WWW\homestay\homestay-admin\thinkphp\lang\zh-cn.php
[ info ] [ ROUTE ] array (
  'type' => 'module',
  'module' => 
  array (
    0 => 'admin',
    1 => 'category',
    2 => 'index',
  ),
)
[ info ] [ HEADER ] array (
  'content-length' => '7',
  'content-type' => 'application/x-www-form-urlencoded',
  'connection' => 'close',
  'accept-encoding' => 'gzip, deflate, br',
  'host' => 'homestay',
  'postman-token' => '0ecf22a6-ffdb-479d-8ddf-f1c0c4fe8005',
  'accept' => '*/*',
  'user-agent' => 'PostmanRuntime/7.26.10',
)
[ info ] [ PARAM ] array (
  'limit' => '1',
)
[ info ] [ RUN ] app\admin\controller\Category->index[ D:\phpstudy\phpstudy_pro\WWW\homestay\homestay-admin\application\admin\controller\Category.php ]
[ info ] [ LOG ] INIT File
---------------------------------------------------------------
[ 2021-04-17T16:46:55+08:00 ] 127.0.0.1 GET homestay/homestay-admin/public/index.php/admin/category/index
[运行时间：0.019735s] [吞吐率：50.67req/s] [内存消耗：2,510.73kb] [文件加载：48]
[ info ] [ LANG ] D:\phpstudy\phpstudy_pro\WWW\homestay\homestay-admin\thinkphp\lang\zh-cn.php
[ info ] [ ROUTE ] array (
  'type' => 'module',
  'module' => 
  array (
    0 => 'admin',
    1 => 'category',
    2 => 'index',
  ),
)
[ info ] [ HEADER ] array (
  'content-length' => '7',
  'content-type' => 'application/x-www-form-urlencoded',
  'connection' => 'close',
  'accept-encoding' => 'gzip, deflate, br',
  'host' => 'homestay',
  'postman-token' => '9774a233-d956-4783-acc3-e8eec173bf2b',
  'accept' => '*/*',
  'user-agent' => 'PostmanRuntime/7.26.10',
)
[ info ] [ PARAM ] array (
)
[ info ] [ RUN ] app\admin\controller\Category->index[ D:\phpstudy\phpstudy_pro\WWW\homestay\homestay-admin\application\admin\controller\Category.php ]
[ info ] [ DB ] INIT mysql
[ info ] [ LOG ] INIT File
[ sql ] [ DB ] CONNECT:[ UseTime:0.001399s ] mysql:host=127.0.0.1;port=3306;dbname=homestay;charset=utf8
[ sql ] [ SQL ] SHOW COLUMNS FROM `category` [ RunTime:0.000903s ]
[ sql ] [ SQL ] SELECT `cid`,`cname`,`cdesc` FROM `category` LIMIT 0,5 [ RunTime:0.000270s ]
[ sql ] [ SQL ] SELECT COUNT(*) AS tp_count FROM `category` LIMIT 1 [ RunTime:0.000152s ]
---------------------------------------------------------------
[ 2021-04-17T16:47:10+08:00 ] 127.0.0.1 GET homestay/homestay-admin/public/index.php/admin/category/index?limit=1
[运行时间：0.040282s] [吞吐率：24.82req/s] [内存消耗：2,511.12kb] [文件加载：48]
[ info ] [ LANG ] D:\phpstudy\phpstudy_pro\WWW\homestay\homestay-admin\thinkphp\lang\zh-cn.php
[ info ] [ ROUTE ] array (
  'type' => 'module',
  'module' => 
  array (
    0 => 'admin',
    1 => 'category',
    2 => 'index',
  ),
)
[ info ] [ HEADER ] array (
  'content-length' => '7',
  'content-type' => 'application/x-www-form-urlencoded',
  'connection' => 'close',
  'accept-encoding' => 'gzip, deflate, br',
  'host' => 'homestay',
  'postman-token' => '88800f4d-999d-41cb-8218-cea964c2eede',
  'accept' => '*/*',
  'user-agent' => 'PostmanRuntime/7.26.10',
)
[ info ] [ PARAM ] array (
  'limit' => '1',
)
[ info ] [ RUN ] app\admin\controller\Category->index[ D:\phpstudy\phpstudy_pro\WWW\homestay\homestay-admin\application\admin\controller\Category.php ]
[ info ] [ DB ] INIT mysql
[ info ] [ LOG ] INIT File
[ sql ] [ DB ] CONNECT:[ UseTime:0.021660s ] mysql:host=127.0.0.1;port=3306;dbname=homestay;charset=utf8
[ sql ] [ SQL ] SHOW COLUMNS FROM `category` [ RunTime:0.000947s ]
[ sql ] [ SQL ] SELECT `cid`,`cname`,`cdesc` FROM `category` LIMIT 0,1 [ RunTime:0.000160s ]
[ sql ] [ SQL ] SELECT COUNT(*) AS tp_count FROM `category` LIMIT 1 [ RunTime:0.000111s ]
---------------------------------------------------------------
[ 2021-04-17T16:47:21+08:00 ] 127.0.0.1 GET homestay/homestay-admin/public/index.php/admin/category/index?limit=1&page=2
[运行时间：0.034368s] [吞吐率：29.10req/s] [内存消耗：2,511.13kb] [文件加载：48]
[ info ] [ LANG ] D:\phpstudy\phpstudy_pro\WWW\homestay\homestay-admin\thinkphp\lang\zh-cn.php
[ info ] [ ROUTE ] array (
  'type' => 'module',
  'module' => 
  array (
    0 => 'admin',
    1 => 'category',
    2 => 'index',
  ),
)
[ info ] [ HEADER ] array (
  'content-length' => '7',
  'content-type' => 'application/x-www-form-urlencoded',
  'connection' => 'close',
  'accept-encoding' => 'gzip, deflate, br',
  'host' => 'homestay',
  'postman-token' => '07be498c-7a4a-4982-b746-26f060c66137',
  'accept' => '*/*',
  'user-agent' => 'PostmanRuntime/7.26.10',
)
[ info ] [ PARAM ] array (
  'limit' => '1',
  'page' => '2',
)
[ info ] [ RUN ] app\admin\controller\Category->index[ D:\phpstudy\phpstudy_pro\WWW\homestay\homestay-admin\application\admin\controller\Category.php ]
[ info ] [ DB ] INIT mysql
[ info ] [ LOG ] INIT File
[ sql ] [ DB ] CONNECT:[ UseTime:0.014096s ] mysql:host=127.0.0.1;port=3306;dbname=homestay;charset=utf8
[ sql ] [ SQL ] SHOW COLUMNS FROM `category` [ RunTime:0.001471s ]
[ sql ] [ SQL ] SELECT `cid`,`cname`,`cdesc` FROM `category` LIMIT 1,1 [ RunTime:0.000309s ]
[ sql ] [ SQL ] SELECT COUNT(*) AS tp_count FROM `category` LIMIT 1 [ RunTime:0.000230s ]
---------------------------------------------------------------
[ 2021-04-17T16:47:47+08:00 ] 127.0.0.1 GET homestay/homestay-admin/public/index.php/admin/category/index?limit=1&page=2&cname=%22%E4%B8%8D%E5%BE%97%E4%B8%8D%E5%81%9A%22
[运行时间：0.036677s] [吞吐率：27.26req/s] [内存消耗：2,514.30kb] [文件加载：48]
[ info ] [ LANG ] D:\phpstudy\phpstudy_pro\WWW\homestay\homestay-admin\thinkphp\lang\zh-cn.php
[ info ] [ ROUTE ] array (
  'type' => 'module',
  'module' => 
  array (
    0 => 'admin',
    1 => 'category',
    2 => 'index',
  ),
)
[ info ] [ HEADER ] array (
  'content-length' => '7',
  'content-type' => 'application/x-www-form-urlencoded',
  'connection' => 'close',
  'accept-encoding' => 'gzip, deflate, br',
  'host' => 'homestay',
  'postman-token' => '03dc9d11-989d-431f-a367-8fb10453faa0',
  'accept' => '*/*',
  'user-agent' => 'PostmanRuntime/7.26.10',
)
[ info ] [ PARAM ] array (
  'limit' => '1',
  'page' => '2',
  'cname' => '"不得不做"',
)
[ info ] [ RUN ] app\admin\controller\Category->index[ D:\phpstudy\phpstudy_pro\WWW\homestay\homestay-admin\application\admin\controller\Category.php ]
[ info ] [ DB ] INIT mysql
[ info ] [ LOG ] INIT File
[ sql ] [ DB ] CONNECT:[ UseTime:0.016912s ] mysql:host=127.0.0.1;port=3306;dbname=homestay;charset=utf8
[ sql ] [ SQL ] SHOW COLUMNS FROM `category` [ RunTime:0.000694s ]
[ sql ] [ SQL ] SELECT `cid`,`cname`,`cdesc` FROM `category` WHERE  `cname` LIKE '%\"不得不做\"%' LIMIT 1,1 [ RunTime:0.000423s ]
[ sql ] [ SQL ] SELECT COUNT(*) AS tp_count FROM `category` WHERE  `cname` LIKE '%\"不得不做\"%' LIMIT 1 [ RunTime:0.000292s ]
---------------------------------------------------------------
[ 2021-04-17T16:48:13+08:00 ] 127.0.0.1 GET homestay/homestay-admin/public/index.php/admin/category/index?limit=1&page=2
[运行时间：0.039108s] [吞吐率：25.57req/s] [内存消耗：2,511.13kb] [文件加载：48]
[ info ] [ LANG ] D:\phpstudy\phpstudy_pro\WWW\homestay\homestay-admin\thinkphp\lang\zh-cn.php
[ info ] [ ROUTE ] array (
  'type' => 'module',
  'module' => 
  array (
    0 => 'admin',
    1 => 'category',
    2 => 'index',
  ),
)
[ info ] [ HEADER ] array (
  'content-length' => '7',
  'content-type' => 'application/x-www-form-urlencoded',
  'connection' => 'close',
  'accept-encoding' => 'gzip, deflate, br',
  'host' => 'homestay',
  'postman-token' => '733609c3-83ed-4f25-9fc5-b0d35337f24c',
  'accept' => '*/*',
  'user-agent' => 'PostmanRuntime/7.26.10',
)
[ info ] [ PARAM ] array (
  'limit' => '1',
  'page' => '2',
)
[ info ] [ RUN ] app\admin\controller\Category->index[ D:\phpstudy\phpstudy_pro\WWW\homestay\homestay-admin\application\admin\controller\Category.php ]
[ info ] [ DB ] INIT mysql
[ info ] [ LOG ] INIT File
[ sql ] [ DB ] CONNECT:[ UseTime:0.018284s ] mysql:host=127.0.0.1;port=3306;dbname=homestay;charset=utf8
[ sql ] [ SQL ] SHOW COLUMNS FROM `category` [ RunTime:0.001276s ]
[ sql ] [ SQL ] SELECT `cid`,`cname`,`cdesc` FROM `category` LIMIT 1,1 [ RunTime:0.000214s ]
[ sql ] [ SQL ] SELECT COUNT(*) AS tp_count FROM `category` LIMIT 1 [ RunTime:0.000305s ]
---------------------------------------------------------------
[ 2021-04-17T16:49:12+08:00 ] 127.0.0.1 POST homestay/homestay-admin/public/index.php/admin/category/add
[运行时间：0.014890s] [吞吐率：67.16req/s] [内存消耗：1,628.64kb] [文件加载：41]
[ info ] [ LANG ] D:\phpstudy\phpstudy_pro\WWW\homestay\homestay-admin\thinkphp\lang\zh-cn.php
[ info ] [ ROUTE ] array (
  'type' => 'module',
  'module' => 
  array (
    0 => 'admin',
    1 => 'category',
    2 => 'add',
  ),
)
[ info ] [ HEADER ] array (
  'content-length' => '0',
  'connection' => 'close',
  'accept-encoding' => 'gzip, deflate, br',
  'host' => 'homestay',
  'postman-token' => '51a44767-2dde-4791-be70-a86903ddbe0e',
  'accept' => '*/*',
  'user-agent' => 'PostmanRuntime/7.26.10',
)
[ info ] [ PARAM ] array (
)
[ info ] [ RUN ] app\admin\controller\Category->add[ D:\phpstudy\phpstudy_pro\WWW\homestay\homestay-admin\application\admin\controller\Category.php ]
[ info ] [ LOG ] INIT File
---------------------------------------------------------------
[ 2021-04-17T16:49:43+08:00 ] 127.0.0.1 POST homestay/homestay-admin/public/index.php/admin/category/add
[运行时间：0.012478s] [吞吐率：80.14req/s] [内存消耗：1,629.72kb] [文件加载：41]
[ info ] [ LANG ] D:\phpstudy\phpstudy_pro\WWW\homestay\homestay-admin\thinkphp\lang\zh-cn.php
[ info ] [ ROUTE ] array (
  'type' => 'module',
  'module' => 
  array (
    0 => 'admin',
    1 => 'category',
    2 => 'add',
  ),
)
[ info ] [ HEADER ] array (
  'content-length' => '111',
  'content-type' => 'application/x-www-form-urlencoded',
  'connection' => 'close',
  'accept-encoding' => 'gzip, deflate, br',
  'host' => 'homestay',
  'postman-token' => 'ee9e35a2-d7fa-4460-b7ab-c75591853c72',
  'accept' => '*/*',
  'user-agent' => 'PostmanRuntime/7.26.10',
)
[ info ] [ PARAM ] array (
  'cnam' => '不得不住',
  'cdesc' => '不得不住的描述',
)
[ info ] [ RUN ] app\admin\controller\Category->add[ D:\phpstudy\phpstudy_pro\WWW\homestay\homestay-admin\application\admin\controller\Category.php ]
[ info ] [ LOG ] INIT File
---------------------------------------------------------------
[ 2021-04-17T16:49:52+08:00 ] 127.0.0.1 POST homestay/homestay-admin/public/index.php/admin/category/add
[运行时间：0.048868s] [吞吐率：20.46req/s] [内存消耗：2,483.76kb] [文件加载：48]
[ info ] [ LANG ] D:\phpstudy\phpstudy_pro\WWW\homestay\homestay-admin\thinkphp\lang\zh-cn.php
[ info ] [ ROUTE ] array (
  'type' => 'module',
  'module' => 
  array (
    0 => 'admin',
    1 => 'category',
    2 => 'add',
  ),
)
[ info ] [ HEADER ] array (
  'content-length' => '112',
  'content-type' => 'application/x-www-form-urlencoded',
  'connection' => 'close',
  'accept-encoding' => 'gzip, deflate, br',
  'host' => 'homestay',
  'postman-token' => '187d1c7b-db8c-47e3-91f6-7703c0f5264d',
  'accept' => '*/*',
  'user-agent' => 'PostmanRuntime/7.26.10',
)
[ info ] [ PARAM ] array (
  'cname' => '不得不住',
  'cdesc' => '不得不住的描述',
)
[ info ] [ RUN ] app\admin\controller\Category->add[ D:\phpstudy\phpstudy_pro\WWW\homestay\homestay-admin\application\admin\controller\Category.php ]
[ info ] [ DB ] INIT mysql
[ info ] [ LOG ] INIT File
[ sql ] [ DB ] CONNECT:[ UseTime:0.022543s ] mysql:host=127.0.0.1;port=3306;dbname=homestay;charset=utf8
[ sql ] [ SQL ] SHOW COLUMNS FROM `category` [ RunTime:0.001089s ]
[ sql ] [ SQL ] INSERT INTO `category` (`cname` , `cdesc`) VALUES ('不得不住' , '不得不住的描述') [ RunTime:0.006707s ]
---------------------------------------------------------------
[ 2021-04-17T17:03:09+08:00 ] 127.0.0.1 OPTIONS homestay/homestay-admin/public/index.php/admin/login/check
[运行时间：0.014313s] [吞吐率：69.87req/s] [内存消耗：1,627.01kb] [文件加载：40]
[ info ] [ LANG ] D:\phpstudy\phpstudy_pro\WWW\homestay\homestay-admin\thinkphp\lang\zh-cn.php
[ info ] [ ROUTE ] array (
  'type' => 'module',
  'module' => 
  array (
    0 => 'admin',
    1 => 'login',
    2 => 'check',
  ),
)
[ info ] [ HEADER ] array (
  'accept-language' => 'zh-CN,zh;q=0.9',
  'accept-encoding' => 'gzip, deflate',
  'referer' => 'http://localhost:8080/',
  'sec-fetch-mode' => 'cors',
  'user-agent' => 'Mozilla/5.0 (Windows NT 10.0; Win64; x64) AppleWebKit/537.36 (KHTML, like Gecko) Chrome/89.0.4389.114 Safari/537.36',
  'origin' => 'http://localhost:8080',
  'access-control-request-headers' => 'content-type',
  'access-control-request-method' => 'POST',
  'accept' => '*/*',
  'connection' => 'close',
  'host' => 'homestay',
)
[ info ] [ PARAM ] array (
)
[ info ] [ RUN ] app\admin\controller\Login->check[ D:\phpstudy\phpstudy_pro\WWW\homestay\homestay-admin\application\admin\controller\Login.php ]
[ info ] [ LOG ] INIT File
---------------------------------------------------------------
[ 2021-04-17T17:03:09+08:00 ] 127.0.0.1 POST homestay/homestay-admin/public/index.php/admin/login/check
[运行时间：0.019311s] [吞吐率：51.78req/s] [内存消耗：2,534.40kb] [文件加载：49]
[ info ] [ LANG ] D:\phpstudy\phpstudy_pro\WWW\homestay\homestay-admin\thinkphp\lang\zh-cn.php
[ info ] [ ROUTE ] array (
  'type' => 'module',
  'module' => 
  array (
    0 => 'admin',
    1 => 'login',
    2 => 'check',
  ),
)
[ info ] [ HEADER ] array (
  'accept-language' => 'zh-CN,zh;q=0.9',
  'accept-encoding' => 'gzip, deflate',
  'referer' => 'http://localhost:8080/',
  'origin' => 'http://localhost:8080',
  'content-type' => 'application/json;charset=UTF-8',
  'user-agent' => 'Mozilla/5.0 (Windows NT 10.0; Win64; x64) AppleWebKit/537.36 (KHTML, like Gecko) Chrome/89.0.4389.114 Safari/537.36',
  'accept' => 'application/json, text/plain, */*',
  'content-length' => '40',
  'connection' => 'close',
  'host' => 'homestay',
)
[ info ] [ PARAM ] array (
  'username' => 'admin',
  'password' => '123456',
)
[ info ] [ RUN ] app\admin\controller\Login->check[ D:\phpstudy\phpstudy_pro\WWW\homestay\homestay-admin\application\admin\controller\Login.php ]
[ info ] [ DB ] INIT mysql
[ info ] [ LOG ] INIT File
[ sql ] [ DB ] CONNECT:[ UseTime:0.001241s ] mysql:host=127.0.0.1;port=3306;dbname=homestay;charset=utf8
[ sql ] [ SQL ] SHOW COLUMNS FROM `admin` [ RunTime:0.000753s ]
[ sql ] [ SQL ] SELECT * FROM `admin` WHERE  `username` = 'admin' LIMIT 1 [ RunTime:0.000299s ]
